[01m[K/home/prajesh/my_ws/src/cpp_test_pkg/src/n_publisher.cpp:[m[K In constructor â€˜[01m[KMyNode::MyNode()[m[Kâ€™:
[01m[K/home/prajesh/my_ws/src/cpp_test_pkg/src/n_publisher.cpp:23:13:[m[K [01;31m[Kerror: [m[Kexpected â€˜[01m[K;[m[Kâ€™ before â€˜[01m[Kpub[m[Kâ€™
   23 |             [01;31m[Kpub[m[K = this->create_publisher<std_msgs::msg::Int64>("number", 10)
      |             [01;31m[K^~~[m[K
[01m[K/home/prajesh/my_ws/src/cpp_test_pkg/src/n_publisher.cpp:24:13:[m[K [01;31m[Kerror: [m[Kexpected â€˜[01m[K;[m[Kâ€™ before â€˜[01m[Ktimer_[m[Kâ€™
   24 |             [01;31m[Ktimer_[m[K = this->create_wall_timer(std::chrono::milliseconds(500),std::bind(&MyNode::pub_fun, this))
      |             [01;31m[K^~~~~~[m[K
[01m[K/home/prajesh/my_ws/src/cpp_test_pkg/src/n_publisher.cpp:[m[K In function â€˜[01m[Kint main(int, char**)[m[Kâ€™:
[01m[K/home/prajesh/my_ws/src/cpp_test_pkg/src/n_publisher.cpp:34:5:[m[K [01;31m[Kerror: [m[Kâ€˜[01m[Keclcpp[m[Kâ€™ has not been declared
   34 |     [01;31m[Keclcpp[m[K::shutdown();
      |     [01;31m[K^~~~~~[m[K
gmake[2]: *** [CMakeFiles/n_publisher.dir/build.make:76: CMakeFiles/n_publisher.dir/src/n_publisher.cpp.o] Error 1
gmake[1]: *** [CMakeFiles/Makefile2:137: CMakeFiles/n_publisher.dir/all] Error 2
gmake: *** [Makefile:146: all] Error 2
