-- Found ament_cmake: 1.3.4 (/opt/ros/humble/share/ament_cmake/cmake)
-- Found rclcpp: 16.0.4 (/opt/ros/humble/share/rclcpp/cmake)
-- Found rosidl_generator_c: 3.1.4 (/opt/ros/humble/share/rosidl_generator_c/cmake)
-- Found rosidl_adapter: 3.1.4 (/opt/ros/humble/share/rosidl_adapter/cmake)
-- Found rosidl_generator_cpp: 3.1.4 (/opt/ros/humble/share/rosidl_generator_cpp/cmake)
-- Using all available rosidl_typesupport_c: rosidl_typesupport_fastrtps_c;rosidl_typesupport_introspection_c
-- Using all available rosidl_typesupport_cpp: rosidl_typesupport_fastrtps_cpp;rosidl_typesupport_introspection_cpp
-- Found rmw_implementation_cmake: 6.1.1 (/opt/ros/humble/share/rmw_implementation_cmake/cmake)
-- Found rmw_cyclonedds_cpp: 1.3.4 (/opt/ros/humble/share/rmw_cyclonedds_cpp/cmake)
-- Using RMW implementation 'rmw_cyclonedds_cpp' as default
-- Configuring done
-- Generating done
-- Build files have been written to: /home/prajesh/my_ws/build/cpp_test_pkg
[35m[1mConsolidate compiler generated dependencies of target n_publisher[0m
[ 50%] [32mBuilding CXX object CMakeFiles/n_publisher.dir/src/n_publisher.cpp.o[0m
[01m[K/home/prajesh/my_ws/src/cpp_test_pkg/src/n_publisher.cpp:[m[K In constructor â€˜[01m[KMyNode::MyNode()[m[Kâ€™:
[01m[K/home/prajesh/my_ws/src/cpp_test_pkg/src/n_publisher.cpp:23:13:[m[K [01;31m[Kerror: [m[Kexpected â€˜[01m[K;[m[Kâ€™ before â€˜[01m[Kpub[m[Kâ€™
   23 |             [01;31m[Kpub[m[K = this->create_publisher<std_msgs::msg::Int64>("number", 10)
      |             [01;31m[K^~~[m[K
[01m[K/home/prajesh/my_ws/src/cpp_test_pkg/src/n_publisher.cpp:24:13:[m[K [01;31m[Kerror: [m[Kexpected â€˜[01m[K;[m[Kâ€™ before â€˜[01m[Ktimer_[m[Kâ€™
   24 |             [01;31m[Ktimer_[m[K = this->create_wall_timer(std::chrono::milliseconds(500),std::bind(&MyNode::pub_fun, this))
      |             [01;31m[K^~~~~~[m[K
[01m[K/home/prajesh/my_ws/src/cpp_test_pkg/src/n_publisher.cpp:[m[K In function â€˜[01m[Kint main(int, char**)[m[Kâ€™:
[01m[K/home/prajesh/my_ws/src/cpp_test_pkg/src/n_publisher.cpp:34:5:[m[K [01;31m[Kerror: [m[Kâ€˜[01m[Keclcpp[m[Kâ€™ has not been declared
   34 |     [01;31m[Keclcpp[m[K::shutdown();
      |     [01;31m[K^~~~~~[m[K
gmake[2]: *** [CMakeFiles/n_publisher.dir/build.make:76: CMakeFiles/n_publisher.dir/src/n_publisher.cpp.o] Error 1
gmake[1]: *** [CMakeFiles/Makefile2:137: CMakeFiles/n_publisher.dir/all] Error 2
gmake: *** [Makefile:146: all] Error 2
