[0.031s] Invoking command in '/home/prajesh/my_ws/build/cpp_test_pkg': CMAKE_PREFIX_PATH=${CMAKE_PREFIX_PATH}:/home/prajesh/my_ws/install/my_py_pkg:/opt/ros/humble /usr/bin/cmake --build /home/prajesh/my_ws/build/cpp_test_pkg -- -j4 -l4
[0.069s] [35m[1mConsolidate compiler generated dependencies of target n_publisher[0m
[0.090s] [ 50%] [32mBuilding CXX object CMakeFiles/n_publisher.dir/src/n_publisher.cpp.o[0m
[2.183s] In file included from [01m[K/usr/include/c++/11/pstl/glue_algorithm_defs.h:13[m[K,
[2.183s]                  from [01m[K/usr/include/c++/11/algorithm:74[m[K,
[2.183s]                  from [01m[K/opt/ros/humble/include/rclcpp/rclcpp/executor.hpp:18[m[K,
[2.183s]                  from [01m[K/opt/ros/humble/include/rclcpp/rclcpp/executors/multi_threaded_executor.hpp:25[m[K,
[2.183s]                  from [01m[K/opt/ros/humble/include/rclcpp/rclcpp/executors.hpp:21[m[K,
[2.184s]                  from [01m[K/opt/ros/humble/include/rclcpp/rclcpp/rclcpp.hpp:155[m[K,
[2.184s]                  from [01m[K/home/prajesh/my_ws/src/cpp_test_pkg/src/n_publisher.cpp:3[m[K:
[2.184s] /usr/include/c++/11/functional: In instantiation of â€˜[01m[Kstruct std::_Bind_check_arity<void (MyNode::*)(std_msgs::msg::Int64_<std::allocator<void> >), MyNode*>[m[Kâ€™:
[2.184s] [01m[K/usr/include/c++/11/functional:768:12:[m[K   required from â€˜[01m[Kstruct std::_Bind_helper<false, void (MyNode::*)(std_msgs::msg::Int64_<std::allocator<void> >), MyNode*>[m[Kâ€™
[2.184s] [01m[K/usr/include/c++/11/functional:789:5:[m[K   required by substitution of â€˜[01m[Ktemplate<class _Func, class ... _BoundArgs> typename std::_Bind_helper<std::__is_socketlike<_Func>::value, _Func, _BoundArgs ...>::type std::bind(_Func&&, _BoundArgs&& ...) [with _Func = void (MyNode::*)(std_msgs::msg::Int64_<std::allocator<void> >); _BoundArgs = {MyNode*}][m[Kâ€™
[2.184s] [01m[K/home/prajesh/my_ws/src/cpp_test_pkg/src/n_publisher.cpp:24:86:[m[K   required from here
[2.184s] [01m[K/usr/include/c++/11/functional:756:21:[m[K [01;31m[Kerror: [m[Kstatic assertion failed: Wrong number of arguments for pointer-to-member
[2.184s]   755 |       static_assert(_Varargs::[01;31m[Kvalue[m[K
[2.184s]       |                               [01;31m[K~~~~~[m[K
[2.184s]   756 | [01;31m[K                    ? sizeof...(_BoundArgs) >= _Arity::value + 1[m[K
[2.184s]       |                     [01;31m[K^~~~~~~~~~~~~~~~~~~~~~~~~~~~~~~~~~~~~~~~~~~~[m[K
[2.184s]   757 | [01;31m[K                    : sizeof...(_BoundArgs) == _Arity::value + 1[m[K,
[2.184s]       |                     [01;31m[K~~~~~~~~~~~~~~~~~~~~~~~~~~~~~~~~~~~~~~~~~~~~[m[K
[2.184s] [01m[K/usr/include/c++/11/functional:756:21:[m[K [01;36m[Knote: [m[Kâ€˜[01m[K(false ? (1 >= (((long unsigned int)std::integral_constant<long unsigned int, 1>::value) + 1)) : (1 == (((long unsigned int)std::integral_constant<long unsigned int, 1>::value) + 1)))[m[Kâ€™ evaluates to false
[2.189s] [01m[K/home/prajesh/my_ws/src/cpp_test_pkg/src/n_publisher.cpp:[m[K In constructor â€˜[01m[KMyNode::MyNode()[m[Kâ€™:
[2.189s] [01m[K/home/prajesh/my_ws/src/cpp_test_pkg/src/n_publisher.cpp:24:45:[m[K [01;31m[Kerror: [m[Kno matching function for call to â€˜[01m[KMyNode::create_wall_timer(std::chrono::milliseconds, std::_Bind_helper<false, void (MyNode::*)(std_msgs::msg::Int64_<std::allocator<void> >), MyNode*>::type)[m[Kâ€™
[2.189s]    24 |             timer_ = [01;31m[Kthis->create_wall_timer(std::chrono::milliseconds(500),std::bind(&MyNode::pub_fun, this))[m[K;
[2.189s]       |                      [01;31m[K~~~~~~~~~~~~~~~~~~~~~~~^~~~~~~~~~~~~~~~~~~~~~~~~~~~~~~~~~~~~~~~~~~~~~~~~~~~~~~~~~~~~~~~~~[m[K
[2.189s] In file included from [01m[K/opt/ros/humble/include/rclcpp/rclcpp/executors/single_threaded_executor.hpp:28[m[K,
[2.189s]                  from [01m[K/opt/ros/humble/include/rclcpp/rclcpp/executors.hpp:22[m[K,
[2.189s]                  from [01m[K/opt/ros/humble/include/rclcpp/rclcpp/rclcpp.hpp:155[m[K,
[2.189s]                  from [01m[K/home/prajesh/my_ws/src/cpp_test_pkg/src/n_publisher.cpp:3[m[K:
[2.189s] [01m[K/opt/ros/humble/include/rclcpp/rclcpp/node.hpp:238:3:[m[K [01;36m[Knote: [m[Kcandidate: â€˜[01m[Ktemplate<class DurationRepT, class DurationT, class CallbackT> typename rclcpp::WallTimer<CallbackT>::SharedPtr rclcpp::Node::create_wall_timer(std::chrono::duration<_Rep1, _Period1>, CallbackT, rclcpp::CallbackGroup::SharedPtr)[m[Kâ€™
[2.189s]   238 |   [01;36m[Kcreate_wall_timer[m[K(
[2.189s]       |   [01;36m[K^~~~~~~~~~~~~~~~~[m[K
[2.190s] [01m[K/opt/ros/humble/include/rclcpp/rclcpp/node.hpp:238:3:[m[K [01;36m[Knote: [m[K  template argument deduction/substitution failed:
[2.190s] In file included from [01m[K/opt/ros/humble/include/rclcpp/rclcpp/node.hpp:1321[m[K,
[2.190s]                  from [01m[K/opt/ros/humble/include/rclcpp/rclcpp/executors/single_threaded_executor.hpp:28[m[K,
[2.190s]                  from [01m[K/opt/ros/humble/include/rclcpp/rclcpp/executors.hpp:22[m[K,
[2.190s]                  from [01m[K/opt/ros/humble/include/rclcpp/rclcpp/rclcpp.hpp:155[m[K,
[2.190s]                  from [01m[K/home/prajesh/my_ws/src/cpp_test_pkg/src/n_publisher.cpp:3[m[K:
[2.190s] /opt/ros/humble/include/rclcpp/rclcpp/node_impl.hpp: In substitution of â€˜[01m[Ktemplate<class DurationRepT, class DurationT, class CallbackT> typename rclcpp::WallTimer<CallbackT>::SharedPtr rclcpp::Node::create_wall_timer(std::chrono::duration<_Rep1, _Period1>, CallbackT, rclcpp::CallbackGroup::SharedPtr) [with DurationRepT = long int; DurationT = std::ratio<1, 1000>; CallbackT = std::_Bind<void (MyNode::*(MyNode*))(std_msgs::msg::Int64_<std::allocator<void> >)>][m[Kâ€™:
[2.190s] [01m[K/home/prajesh/my_ws/src/cpp_test_pkg/src/n_publisher.cpp:24:45:[m[K   required from here
[2.190s] [01m[K/opt/ros/humble/include/rclcpp/rclcpp/node_impl.hpp:110:1:[m[K [01;31m[Kerror: [m[Kno type named â€˜[01m[Ktype[m[Kâ€™ in â€˜[01m[Kstruct std::enable_if<false, void>[m[Kâ€™
[2.190s]   110 | [01;31m[KNode[m[K::create_wall_timer(
[2.190s]       | [01;31m[K^~~~[m[K
[2.190s] [01m[K/opt/ros/humble/include/rclcpp/rclcpp/node_impl.hpp:110:1:[m[K [01;31m[Kerror: [m[Kno type named â€˜[01m[Ktype[m[Kâ€™ in â€˜[01m[Kstruct std::enable_if<false, void>[m[Kâ€™
[2.190s] [01m[K/opt/ros/humble/include/rclcpp/rclcpp/node_impl.hpp:110:1:[m[K [01;36m[Knote: [m[Kinvalid template non-type parameter
[2.896s] gmake[2]: *** [CMakeFiles/n_publisher.dir/build.make:76: CMakeFiles/n_publisher.dir/src/n_publisher.cpp.o] Error 1
[2.896s] gmake[1]: *** [CMakeFiles/Makefile2:137: CMakeFiles/n_publisher.dir/all] Error 2
[2.896s] gmake: *** [Makefile:146: all] Error 2
[2.898s] Invoked command in '/home/prajesh/my_ws/build/cpp_test_pkg' returned '2': CMAKE_PREFIX_PATH=${CMAKE_PREFIX_PATH}:/home/prajesh/my_ws/install/my_py_pkg:/opt/ros/humble /usr/bin/cmake --build /home/prajesh/my_ws/build/cpp_test_pkg -- -j4 -l4
