[0.035s] Invoking command in '/home/prajesh/my_ws/build/cpp_test_pkg': CMAKE_PREFIX_PATH=${CMAKE_PREFIX_PATH}:/home/prajesh/my_ws/install/my_py_pkg:/opt/ros/humble /usr/bin/cmake --build /home/prajesh/my_ws/build/cpp_test_pkg -- -j4 -l4
[0.086s] [35m[1mConsolidate compiler generated dependencies of target number_publisher[0m
[0.103s] [ 50%] [32mBuilding CXX object CMakeFiles/number_publisher.dir/src/number_pub.cpp.o[0m
[2.276s] [01m[K/home/prajesh/my_ws/src/cpp_test_pkg/src/number_pub.cpp:[m[K In member function â€˜[01m[Kvoid MyNode::pub_fun()[m[Kâ€™:
[2.277s] [01m[K/home/prajesh/my_ws/src/cpp_test_pkg/src/number_pub.cpp:18:13:[m[K [01;31m[Kerror: [m[Kexpected â€˜[01m[K,[m[Kâ€™ or â€˜[01m[K;[m[Kâ€™ before â€˜[01m[Kmsg[m[Kâ€™
[2.277s]    18 |             [01;31m[Kmsg[m[K.data = count;
[2.277s]       |             [01;31m[K^~~[m[K
[2.953s] gmake[2]: *** [CMakeFiles/number_publisher.dir/build.make:76: CMakeFiles/number_publisher.dir/src/number_pub.cpp.o] Error 1
[2.953s] gmake[1]: *** [CMakeFiles/Makefile2:137: CMakeFiles/number_publisher.dir/all] Error 2
[2.953s] gmake: *** [Makefile:146: all] Error 2
[2.954s] Invoked command in '/home/prajesh/my_ws/build/cpp_test_pkg' returned '2': CMAKE_PREFIX_PATH=${CMAKE_PREFIX_PATH}:/home/prajesh/my_ws/install/my_py_pkg:/opt/ros/humble /usr/bin/cmake --build /home/prajesh/my_ws/build/cpp_test_pkg -- -j4 -l4
