[01m[K/home/prajesh/my_ws/src/my_cpp_pkg/src/robot_news_station.cpp:15:27:[m[K [01;31m[Kerror: [m[Kâ€˜[01m[Kstd_mags[m[Kâ€™ was not declared in this scope; did you mean â€˜[01m[Kstd_msgs[m[Kâ€™?
   15 |         rclcpp::Publisher<[01;31m[Kstd_mags[m[K::msg::String>::SharedPtr pub;
      |                           [01;31m[K^~~~~~~~[m[K
      |                           [32m[Kstd_msgs[m[K
[01m[K/home/prajesh/my_ws/src/my_cpp_pkg/src/robot_news_station.cpp:15:48:[m[K [01;31m[Kerror: [m[Ktemplate argument 1 is invalid
   15 |         rclcpp::Publisher<std_mags::msg::String[01;31m[K>[m[K::SharedPtr pub;
      |                                                [01;31m[K^[m[K
[01m[K/home/prajesh/my_ws/src/my_cpp_pkg/src/robot_news_station.cpp:15:51:[m[K [01;31m[Kerror: [m[Kexpected â€˜[01m[K;[m[Kâ€™ at end of member declaration
   15 |         rclcpp::Publisher<std_mags::msg::String>::[01;31m[KSharedPtr[m[K pub;
      |                                                   [01;31m[K^~~~~~~~~[m[K
      |                                                            [32m[K;[m[K
[01m[K/home/prajesh/my_ws/src/my_cpp_pkg/src/robot_news_station.cpp:15:61:[m[K [01;31m[Kerror: [m[Kâ€˜[01m[Kpub[m[Kâ€™ does not name a type
   15 |         rclcpp::Publisher<std_mags::msg::String>::SharedPtr [01;31m[Kpub[m[K;
      |                                                             [01;31m[K^~~[m[K
[01m[K/home/prajesh/my_ws/src/my_cpp_pkg/src/robot_news_station.cpp:[m[K In member function â€˜[01m[Kvoid MyNode::pub_fun()[m[Kâ€™:
[01m[K/home/prajesh/my_ws/src/my_cpp_pkg/src/robot_news_station.cpp:21:13:[m[K [01;31m[Kerror: [m[Kâ€˜[01m[Kpub[m[Kâ€™ was not declared in this scope
   21 |             [01;31m[Kpub[m[K->publish(msg);
      |             [01;31m[K^~~[m[K
[01m[K/home/prajesh/my_ws/src/my_cpp_pkg/src/robot_news_station.cpp:[m[K In constructor â€˜[01m[KMyNode::MyNode()[m[Kâ€™:
[01m[K/home/prajesh/my_ws/src/my_cpp_pkg/src/robot_news_station.cpp:29:13:[m[K [01;31m[Kerror: [m[Kâ€˜[01m[Kpub[m[Kâ€™ was not declared in this scope
   29 |             [01;31m[Kpub[m[K = this->create_publisher<std_msgs::msg::String>("robot_news", 10);
      |             [01;31m[K^~~[m[K
gmake[2]: *** [CMakeFiles/robot_news_station.dir/build.make:76: CMakeFiles/robot_news_station.dir/src/robot_news_station.cpp.o] Error 1
gmake[1]: *** [CMakeFiles/Makefile2:165: CMakeFiles/robot_news_station.dir/all] Error 2
gmake: *** [Makefile:146: all] Error 2
