[0.023s] Invoking command in '/home/prajesh/my_ws/build/my_cpp_pkg': CMAKE_PREFIX_PATH=${CMAKE_PREFIX_PATH}:/home/prajesh/my_ws/install/my_py_pkg:/opt/ros/humble /usr/bin/cmake --build /home/prajesh/my_ws/build/my_cpp_pkg -- -j4 -l4
[0.060s] [35m[1mConsolidate compiler generated dependencies of target robot_news_station[0m
[0.080s] [ 50%] Built target cpp_node1
[0.083s] [ 75%] [32mBuilding CXX object CMakeFiles/robot_news_station.dir/src/robot_news_station.cpp.o[0m
[2.185s] [01m[K/home/prajesh/my_ws/src/my_cpp_pkg/src/robot_news_station.cpp:15:27:[m[K [01;31m[Kerror: [m[Kâ€˜[01m[Kstd_mags[m[Kâ€™ was not declared in this scope; did you mean â€˜[01m[Kstd_msgs[m[Kâ€™?
[2.185s]    15 |         rclcpp::Publisher<[01;31m[Kstd_mags[m[K::msg::String>::SharedPtr pub;
[2.185s]       |                           [01;31m[K^~~~~~~~[m[K
[2.185s]       |                           [32m[Kstd_msgs[m[K
[2.185s] [01m[K/home/prajesh/my_ws/src/my_cpp_pkg/src/robot_news_station.cpp:15:48:[m[K [01;31m[Kerror: [m[Ktemplate argument 1 is invalid
[2.185s]    15 |         rclcpp::Publisher<std_mags::msg::String[01;31m[K>[m[K::SharedPtr pub;
[2.185s]       |                                                [01;31m[K^[m[K
[2.185s] [01m[K/home/prajesh/my_ws/src/my_cpp_pkg/src/robot_news_station.cpp:15:51:[m[K [01;31m[Kerror: [m[Kexpected â€˜[01m[K;[m[Kâ€™ at end of member declaration
[2.185s]    15 |         rclcpp::Publisher<std_mags::msg::String>::[01;31m[KSharedPtr[m[K pub;
[2.186s]       |                                                   [01;31m[K^~~~~~~~~[m[K
[2.186s]       |                                                            [32m[K;[m[K
[2.186s] [01m[K/home/prajesh/my_ws/src/my_cpp_pkg/src/robot_news_station.cpp:15:61:[m[K [01;31m[Kerror: [m[Kâ€˜[01m[Kpub[m[Kâ€™ does not name a type
[2.186s]    15 |         rclcpp::Publisher<std_mags::msg::String>::SharedPtr [01;31m[Kpub[m[K;
[2.186s]       |                                                             [01;31m[K^~~[m[K
[2.190s] [01m[K/home/prajesh/my_ws/src/my_cpp_pkg/src/robot_news_station.cpp:[m[K In member function â€˜[01m[Kvoid MyNode::pub_fun()[m[Kâ€™:
[2.190s] [01m[K/home/prajesh/my_ws/src/my_cpp_pkg/src/robot_news_station.cpp:21:13:[m[K [01;31m[Kerror: [m[Kâ€˜[01m[Kpub[m[Kâ€™ was not declared in this scope
[2.190s]    21 |             [01;31m[Kpub[m[K->publish(msg);
[2.190s]       |             [01;31m[K^~~[m[K
[2.195s] [01m[K/home/prajesh/my_ws/src/my_cpp_pkg/src/robot_news_station.cpp:[m[K In constructor â€˜[01m[KMyNode::MyNode()[m[Kâ€™:
[2.195s] [01m[K/home/prajesh/my_ws/src/my_cpp_pkg/src/robot_news_station.cpp:29:13:[m[K [01;31m[Kerror: [m[Kâ€˜[01m[Kpub[m[Kâ€™ was not declared in this scope
[2.196s]    29 |             [01;31m[Kpub[m[K = this->create_publisher<std_msgs::msg::String>("robot_news", 10);
[2.196s]       |             [01;31m[K^~~[m[K
[2.850s] gmake[2]: *** [CMakeFiles/robot_news_station.dir/build.make:76: CMakeFiles/robot_news_station.dir/src/robot_news_station.cpp.o] Error 1
[2.850s] gmake[1]: *** [CMakeFiles/Makefile2:165: CMakeFiles/robot_news_station.dir/all] Error 2
[2.850s] gmake: *** [Makefile:146: all] Error 2
[2.851s] Invoked command in '/home/prajesh/my_ws/build/my_cpp_pkg' returned '2': CMAKE_PREFIX_PATH=${CMAKE_PREFIX_PATH}:/home/prajesh/my_ws/install/my_py_pkg:/opt/ros/humble /usr/bin/cmake --build /home/prajesh/my_ws/build/my_cpp_pkg -- -j4 -l4
