[0.000000] (-) TimerEvent: {}
[0.001531] (my_cpp_pkg) JobQueued: {'identifier': 'my_cpp_pkg', 'dependencies': OrderedDict()}
[0.001891] (my_py_pkg) JobQueued: {'identifier': 'my_py_pkg', 'dependencies': OrderedDict()}
[0.002085] (my_cpp_pkg) JobStarted: {'identifier': 'my_cpp_pkg'}
[0.005783] (my_py_pkg) JobStarted: {'identifier': 'my_py_pkg'}
[0.013029] (my_cpp_pkg) JobProgress: {'identifier': 'my_cpp_pkg', 'progress': 'cmake'}
[0.014429] (my_cpp_pkg) JobProgress: {'identifier': 'my_cpp_pkg', 'progress': 'build'}
[0.014499] (my_cpp_pkg) Command: {'cmd': ['/usr/bin/cmake', '--build', '/home/prajesh/my_ws/build/my_cpp_pkg', '--', '-j4', '-l4'], 'cwd': '/home/prajesh/my_ws/build/my_cpp_pkg', 'env': OrderedDict([('SUDO_GID', '1000'), ('MAIL', '/var/mail/root'), ('LANGUAGE', 'en_IN:en'), ('USER', 'root'), ('HOME', '/root'), ('COLORTERM', 'truecolor'), ('SUDO_UID', '1000'), ('LOGNAME', 'root'), ('TERM', 'xterm-256color'), ('PATH', '/usr/local/sbin:/usr/local/bin:/usr/sbin:/usr/bin:/sbin:/bin:/snap/bin'), ('DISPLAY', ':0'), ('LANG', 'en_US.UTF-8'), ('XDG_CURRENT_DESKTOP', 'ubuntu:GNOME'), ('XAUTHORITY', '/run/user/1000/.mutter-Xwaylandauth.4LRR51'), ('LS_COLORS', 'rs=0:di=01;34:ln=01;36:mh=00:pi=40;33:so=01;35:do=01;35:bd=40;33;01:cd=40;33;01:or=40;31;01:mi=00:su=37;41:sg=30;43:ca=30;41:tw=30;42:ow=34;42:st=37;44:ex=01;32:*.tar=01;31:*.tgz=01;31:*.arc=01;31:*.arj=01;31:*.taz=01;31:*.lha=01;31:*.lz4=01;31:*.lzh=01;31:*.lzma=01;31:*.tlz=01;31:*.txz=01;31:*.tzo=01;31:*.t7z=01;31:*.zip=01;31:*.z=01;31:*.dz=01;31:*.gz=01;31:*.lrz=01;31:*.lz=01;31:*.lzo=01;31:*.xz=01;31:*.zst=01;31:*.tzst=01;31:*.bz2=01;31:*.bz=01;31:*.tbz=01;31:*.tbz2=01;31:*.tz=01;31:*.deb=01;31:*.rpm=01;31:*.jar=01;31:*.war=01;31:*.ear=01;31:*.sar=01;31:*.rar=01;31:*.alz=01;31:*.ace=01;31:*.zoo=01;31:*.cpio=01;31:*.7z=01;31:*.rz=01;31:*.cab=01;31:*.wim=01;31:*.swm=01;31:*.dwm=01;31:*.esd=01;31:*.jpg=01;35:*.jpeg=01;35:*.mjpg=01;35:*.mjpeg=01;35:*.gif=01;35:*.bmp=01;35:*.pbm=01;35:*.pgm=01;35:*.ppm=01;35:*.tga=01;35:*.xbm=01;35:*.xpm=01;35:*.tif=01;35:*.tiff=01;35:*.png=01;35:*.svg=01;35:*.svgz=01;35:*.mng=01;35:*.pcx=01;35:*.mov=01;35:*.mpg=01;35:*.mpeg=01;35:*.m2v=01;35:*.mkv=01;35:*.webm=01;35:*.webp=01;35:*.ogm=01;35:*.mp4=01;35:*.m4v=01;35:*.mp4v=01;35:*.vob=01;35:*.qt=01;35:*.nuv=01;35:*.wmv=01;35:*.asf=01;35:*.rm=01;35:*.rmvb=01;35:*.flc=01;35:*.avi=01;35:*.fli=01;35:*.flv=01;35:*.gl=01;35:*.dl=01;35:*.xcf=01;35:*.xwd=01;35:*.yuv=01;35:*.cgm=01;35:*.emf=01;35:*.ogv=01;35:*.ogx=01;35:*.aac=00;36:*.au=00;36:*.flac=00;36:*.m4a=00;36:*.mid=00;36:*.midi=00;36:*.mka=00;36:*.mp3=00;36:*.mpc=00;36:*.ogg=00;36:*.ra=00;36:*.wav=00;36:*.oga=00;36:*.opus=00;36:*.spx=00;36:*.xspf=00;36:'), ('SUDO_COMMAND', '/usr/bin/colcon build'), ('SHELL', '/bin/bash'), ('SUDO_USER', 'prajesh'), ('LC_ALL', 'en_US.UTF-8'), ('PWD', '/home/prajesh/my_ws/build/my_cpp_pkg'), ('COLCON', '1')]), 'shell': False}
[0.036322] (my_cpp_pkg) StdoutLine: {'line': b'-- Found ament_cmake: 1.3.4 (/opt/ros/humble/share/ament_cmake/cmake)\n'}
[0.098878] (-) TimerEvent: {}
[0.152111] (my_cpp_pkg) StderrLine: {'line': b'Traceback (most recent call last):\n'}
[0.152297] (my_cpp_pkg) StderrLine: {'line': b'  File "/opt/ros/humble/share/ament_cmake_core/cmake/package_templates/templates_2_cmake.py", line 21, in <module>\n'}
[0.152359] (my_cpp_pkg) StderrLine: {'line': b'    from ament_package.templates import get_environment_hook_template_path\n'}
[0.152411] (my_cpp_pkg) StderrLine: {'line': b"ModuleNotFoundError: No module named 'ament_package'\n"}
[0.160846] (my_cpp_pkg) StderrLine: {'line': b'\x1b[31mCMake Error at /opt/ros/humble/share/ament_cmake_core/cmake/ament_cmake_package_templates-extras.cmake:41 (message):\n'}
[0.160988] (my_cpp_pkg) StderrLine: {'line': b'  execute_process(/usr/bin/python3.10\n'}
[0.161047] (my_cpp_pkg) StderrLine: {'line': b'  /opt/ros/humble/share/ament_cmake_core/cmake/package_templates/templates_2_cmake.py\n'}
[0.161098] (my_cpp_pkg) StderrLine: {'line': b'  /home/prajesh/my_ws/build/my_cpp_pkg/ament_cmake_package_templates/templates.cmake)\n'}
[0.161148] (my_cpp_pkg) StderrLine: {'line': b'  returned error code 1\n'}
[0.161206] (my_cpp_pkg) StderrLine: {'line': b'Call Stack (most recent call first):\n'}
[0.161254] (my_cpp_pkg) StderrLine: {'line': b'  /opt/ros/humble/share/ament_cmake_core/cmake/ament_cmake_coreConfig.cmake:41 (include)\n'}
[0.161302] (my_cpp_pkg) StderrLine: {'line': b'  /opt/ros/humble/share/ament_cmake/cmake/ament_cmake_export_dependencies-extras.cmake:15 (find_package)\n'}
[0.161350] (my_cpp_pkg) StderrLine: {'line': b'  /opt/ros/humble/share/ament_cmake/cmake/ament_cmakeConfig.cmake:41 (include)\n'}
[0.161397] (my_cpp_pkg) StderrLine: {'line': b'  CMakeLists.txt:9 (find_package)\n'}
[0.161443] (my_cpp_pkg) StderrLine: {'line': b'\n'}
[0.161490] (my_cpp_pkg) StderrLine: {'line': b'\x1b[0m\n'}
[0.161571] (my_cpp_pkg) StdoutLine: {'line': b'-- Configuring incomplete, errors occurred!\n'}
[0.161644] (my_cpp_pkg) StdoutLine: {'line': b'See also "/home/prajesh/my_ws/build/my_cpp_pkg/CMakeFiles/CMakeOutput.log".\n'}
[0.164004] (my_cpp_pkg) StderrLine: {'line': b'gmake: *** [Makefile:308: cmake_check_build_system] Error 1\n'}
[0.188615] (my_cpp_pkg) CommandEnded: {'returncode': 2}
[0.199187] (-) TimerEvent: {}
[0.220383] (my_cpp_pkg) JobEnded: {'identifier': 'my_cpp_pkg', 'rc': 2}
[0.299396] (-) TimerEvent: {}
[0.400435] (-) TimerEvent: {}
[0.455999] (my_py_pkg) JobEnded: {'identifier': 'my_py_pkg', 'rc': 'SIGINT'}
[0.467174] (-) EventReactorShutdown: {}
