[35m[1mConsolidate compiler generated dependencies of target number_counter[0m
[ 50%] Built target number_publisher
[ 50%] [32mBuilding CXX object CMakeFiles/number_counter.dir/src/number_counter.cpp.o[0m
[01m[K/home/prajesh/my_ws/src/cpp_test_pkg/src/number_counter.cpp:[m[K In member function â€˜[01m[Kvoid MyNode::sub_callback(std_msgs::msg::Int64)[m[Kâ€™:
[01m[K/home/prajesh/my_ws/src/cpp_test_pkg/src/number_counter.cpp:16:48:[m[K [01;35m[Kwarning: [m[Kunused parameter â€˜[01m[Kmsg[m[Kâ€™ [[01;35m[K]8;;https://gcc.gnu.org/onlinedocs/gcc/Warning-Options.html#index-Wunused-parameter-Wunused-parameter]8;;[m[K]
   16 |         void sub_callback([01;35m[Kstd_msgs::msg::Int64 msg[m[K)
      |                           [01;35m[K~~~~~~~~~~~~~~~~~~~~~^~~[m[K
[01m[K/home/prajesh/my_ws/src/cpp_test_pkg/src/number_counter.cpp:[m[K In constructor â€˜[01m[KMyNode::MyNode()[m[Kâ€™:
[01m[K/home/prajesh/my_ws/src/cpp_test_pkg/src/number_counter.cpp:30:24:[m[K [01;31m[Kerror: [m[Kâ€˜[01m[KSmartphone[m[Kâ€™ has not been declared
   30 |             std::bind(&[01;31m[KSmartphone[m[K::sub_callback, this, std::placeholders::_1));
      |                        [01;31m[K^~~~~~~~~~[m[K
gmake[2]: *** [CMakeFiles/number_counter.dir/build.make:76: CMakeFiles/number_counter.dir/src/number_counter.cpp.o] Error 1
gmake[1]: *** [CMakeFiles/Makefile2:165: CMakeFiles/number_counter.dir/all] Error 2
gmake: *** [Makefile:146: all] Error 2
