[01m[K/home/prajesh/my_ws/src/cpp_test_pkg/src/number_pub.cpp:13:42:[m[K [01;31m[Kerror: [m[Kâ€˜[01m[KString[m[Kâ€™ is not a member of â€˜[01m[Kstd_msgs::msg[m[Kâ€™
   13 |         rclcpp::Publisher<std_msgs::msg::[01;31m[KString[m[K>::SharedPtr pub;
      |                                          [01;31m[K^~~~~~[m[K
[01m[K/home/prajesh/my_ws/src/cpp_test_pkg/src/number_pub.cpp:13:48:[m[K [01;31m[Kerror: [m[Ktemplate argument 1 is invalid
   13 |         rclcpp::Publisher<std_msgs::msg::String[01;31m[K>[m[K::SharedPtr pub;
      |                                                [01;31m[K^[m[K
[01m[K/home/prajesh/my_ws/src/cpp_test_pkg/src/number_pub.cpp:13:51:[m[K [01;31m[Kerror: [m[Kexpected â€˜[01m[K;[m[Kâ€™ at end of member declaration
   13 |         rclcpp::Publisher<std_msgs::msg::String>::[01;31m[KSharedPtr[m[K pub;
      |                                                   [01;31m[K^~~~~~~~~[m[K
      |                                                            [32m[K;[m[K
[01m[K/home/prajesh/my_ws/src/cpp_test_pkg/src/number_pub.cpp:13:61:[m[K [01;31m[Kerror: [m[Kâ€˜[01m[Kpub[m[Kâ€™ does not name a type
   13 |         rclcpp::Publisher<std_msgs::msg::String>::SharedPtr [01;31m[Kpub[m[K;
      |                                                             [01;31m[K^~~[m[K
[01m[K/home/prajesh/my_ws/src/cpp_test_pkg/src/number_pub.cpp:[m[K In member function â€˜[01m[Kvoid MyNode::pub_fun(std_msgs::msg::Int64)[m[Kâ€™:
[01m[K/home/prajesh/my_ws/src/cpp_test_pkg/src/number_pub.cpp:17:18:[m[K [01;31m[Kerror: [m[Kdeclaration of â€˜[01m[Kauto msg[m[Kâ€™ shadows a parameter
   17 |             auto [01;31m[Kmsg[m[K = std_msgs::msg::Int64()
      |                  [01;31m[K^~~[m[K
[01m[K/home/prajesh/my_ws/src/cpp_test_pkg/src/number_pub.cpp:14:43:[m[K [01;36m[Knote: [m[Kâ€˜[01m[Kstd_msgs::msg::Int64 msg[m[Kâ€™ previously declared here
   14 |         void pub_fun([01;36m[Kstd_msgs::msg::Int64 msg[m[K)
      |                      [01;36m[K~~~~~~~~~~~~~~~~~~~~~^~~[m[K
[01m[K/home/prajesh/my_ws/src/cpp_test_pkg/src/number_pub.cpp:18:13:[m[K [01;31m[Kerror: [m[Kexpected â€˜[01m[K,[m[Kâ€™ or â€˜[01m[K;[m[Kâ€™ before â€˜[01m[Kmsg[m[Kâ€™
   18 |             [01;31m[Kmsg[m[K.data = count;
      |             [01;31m[K^~~[m[K
[01m[K/home/prajesh/my_ws/src/cpp_test_pkg/src/number_pub.cpp:19:13:[m[K [01;31m[Kerror: [m[Kâ€˜[01m[Kpub[m[Kâ€™ was not declared in this scope
   19 |             [01;31m[Kpub[m[K->publish(msg);
      |             [01;31m[K^~~[m[K
[01m[K/home/prajesh/my_ws/src/cpp_test_pkg/src/number_pub.cpp:14:43:[m[K [01;35m[Kwarning: [m[Kunused parameter â€˜[01m[Kmsg[m[Kâ€™ [[01;35m[K]8;;https://gcc.gnu.org/onlinedocs/gcc/Warning-Options.html#index-Wunused-parameter-Wunused-parameter]8;;[m[K]
   14 |         void pub_fun([01;35m[Kstd_msgs::msg::Int64 msg[m[K)
      |                      [01;35m[K~~~~~~~~~~~~~~~~~~~~~^~~[m[K
[01m[K/home/prajesh/my_ws/src/cpp_test_pkg/src/number_pub.cpp:[m[K In constructor â€˜[01m[KMyNode::MyNode()[m[Kâ€™:
[01m[K/home/prajesh/my_ws/src/cpp_test_pkg/src/number_pub.cpp:26:13:[m[K [01;31m[Kerror: [m[Kâ€˜[01m[Kpub[m[Kâ€™ was not declared in this scope
   26 |             [01;31m[Kpub[m[K = this->create_publisher<std_msgs::msg::Int64>("number", 10);
      |             [01;31m[K^~~[m[K
gmake[2]: *** [CMakeFiles/number_publisher.dir/build.make:76: CMakeFiles/number_publisher.dir/src/number_pub.cpp.o] Error 1
gmake[1]: *** [CMakeFiles/Makefile2:137: CMakeFiles/number_publisher.dir/all] Error 2
gmake: *** [Makefile:146: all] Error 2
