[0.027s] Invoking command in '/home/prajesh/my_ws/build/cpp_test_pkg': CMAKE_PREFIX_PATH=${CMAKE_PREFIX_PATH}:/home/prajesh/my_ws/install/my_py_pkg:/opt/ros/humble /usr/bin/cmake --build /home/prajesh/my_ws/build/cpp_test_pkg -- -j4 -l4
[0.063s] [35m[1mConsolidate compiler generated dependencies of target number_publisher[0m
[0.074s] [ 50%] [32mBuilding CXX object CMakeFiles/number_publisher.dir/src/number_pub.cpp.o[0m
[2.174s] [01m[K/home/prajesh/my_ws/src/cpp_test_pkg/src/number_pub.cpp:13:42:[m[K [01;31m[Kerror: [m[Kâ€˜[01m[KString[m[Kâ€™ is not a member of â€˜[01m[Kstd_msgs::msg[m[Kâ€™
[2.174s]    13 |         rclcpp::Publisher<std_msgs::msg::[01;31m[KString[m[K>::SharedPtr pub;
[2.175s]       |                                          [01;31m[K^~~~~~[m[K
[2.175s] [01m[K/home/prajesh/my_ws/src/cpp_test_pkg/src/number_pub.cpp:13:48:[m[K [01;31m[Kerror: [m[Ktemplate argument 1 is invalid
[2.175s]    13 |         rclcpp::Publisher<std_msgs::msg::String[01;31m[K>[m[K::SharedPtr pub;
[2.175s]       |                                                [01;31m[K^[m[K
[2.175s] [01m[K/home/prajesh/my_ws/src/cpp_test_pkg/src/number_pub.cpp:13:51:[m[K [01;31m[Kerror: [m[Kexpected â€˜[01m[K;[m[Kâ€™ at end of member declaration
[2.175s]    13 |         rclcpp::Publisher<std_msgs::msg::String>::[01;31m[KSharedPtr[m[K pub;
[2.175s]       |                                                   [01;31m[K^~~~~~~~~[m[K
[2.175s]       |                                                            [32m[K;[m[K
[2.177s] [01m[K/home/prajesh/my_ws/src/cpp_test_pkg/src/number_pub.cpp:13:61:[m[K [01;31m[Kerror: [m[Kâ€˜[01m[Kpub[m[Kâ€™ does not name a type
[2.177s]    13 |         rclcpp::Publisher<std_msgs::msg::String>::SharedPtr [01;31m[Kpub[m[K;
[2.177s]       |                                                             [01;31m[K^~~[m[K
[2.177s] [01m[K/home/prajesh/my_ws/src/cpp_test_pkg/src/number_pub.cpp:[m[K In member function â€˜[01m[Kvoid MyNode::pub_fun(std_msgs::msg::Int64)[m[Kâ€™:
[2.178s] [01m[K/home/prajesh/my_ws/src/cpp_test_pkg/src/number_pub.cpp:17:18:[m[K [01;31m[Kerror: [m[Kdeclaration of â€˜[01m[Kauto msg[m[Kâ€™ shadows a parameter
[2.178s]    17 |             auto [01;31m[Kmsg[m[K = std_msgs::msg::Int64()
[2.178s]       |                  [01;31m[K^~~[m[K
[2.178s] [01m[K/home/prajesh/my_ws/src/cpp_test_pkg/src/number_pub.cpp:14:43:[m[K [01;36m[Knote: [m[Kâ€˜[01m[Kstd_msgs::msg::Int64 msg[m[Kâ€™ previously declared here
[2.178s]    14 |         void pub_fun([01;36m[Kstd_msgs::msg::Int64 msg[m[K)
[2.178s]       |                      [01;36m[K~~~~~~~~~~~~~~~~~~~~~^~~[m[K
[2.178s] [01m[K/home/prajesh/my_ws/src/cpp_test_pkg/src/number_pub.cpp:18:13:[m[K [01;31m[Kerror: [m[Kexpected â€˜[01m[K,[m[Kâ€™ or â€˜[01m[K;[m[Kâ€™ before â€˜[01m[Kmsg[m[Kâ€™
[2.178s]    18 |             [01;31m[Kmsg[m[K.data = count;
[2.178s]       |             [01;31m[K^~~[m[K
[2.181s] [01m[K/home/prajesh/my_ws/src/cpp_test_pkg/src/number_pub.cpp:19:13:[m[K [01;31m[Kerror: [m[Kâ€˜[01m[Kpub[m[Kâ€™ was not declared in this scope
[2.181s]    19 |             [01;31m[Kpub[m[K->publish(msg);
[2.182s]       |             [01;31m[K^~~[m[K
[2.182s] [01m[K/home/prajesh/my_ws/src/cpp_test_pkg/src/number_pub.cpp:14:43:[m[K [01;35m[Kwarning: [m[Kunused parameter â€˜[01m[Kmsg[m[Kâ€™ [[01;35m[K]8;;https://gcc.gnu.org/onlinedocs/gcc/Warning-Options.html#index-Wunused-parameter-Wunused-parameter]8;;[m[K]
[2.182s]    14 |         void pub_fun([01;35m[Kstd_msgs::msg::Int64 msg[m[K)
[2.182s]       |                      [01;35m[K~~~~~~~~~~~~~~~~~~~~~^~~[m[K
[2.187s] [01m[K/home/prajesh/my_ws/src/cpp_test_pkg/src/number_pub.cpp:[m[K In constructor â€˜[01m[KMyNode::MyNode()[m[Kâ€™:
[2.187s] [01m[K/home/prajesh/my_ws/src/cpp_test_pkg/src/number_pub.cpp:26:13:[m[K [01;31m[Kerror: [m[Kâ€˜[01m[Kpub[m[Kâ€™ was not declared in this scope
[2.187s]    26 |             [01;31m[Kpub[m[K = this->create_publisher<std_msgs::msg::Int64>("number", 10);
[2.187s]       |             [01;31m[K^~~[m[K
[2.781s] gmake[2]: *** [CMakeFiles/number_publisher.dir/build.make:76: CMakeFiles/number_publisher.dir/src/number_pub.cpp.o] Error 1
[2.781s] gmake[1]: *** [CMakeFiles/Makefile2:137: CMakeFiles/number_publisher.dir/all] Error 2
[2.781s] gmake: *** [Makefile:146: all] Error 2
[2.783s] Invoked command in '/home/prajesh/my_ws/build/cpp_test_pkg' returned '2': CMAKE_PREFIX_PATH=${CMAKE_PREFIX_PATH}:/home/prajesh/my_ws/install/my_py_pkg:/opt/ros/humble /usr/bin/cmake --build /home/prajesh/my_ws/build/cpp_test_pkg -- -j4 -l4
