[0.042s] Invoking command in '/home/prajesh/my_ws/build/cpp_practice': CMAKE_PREFIX_PATH=${CMAKE_PREFIX_PATH}:/home/prajesh/my_ws/install/my_py_pkg:/opt/ros/humble /usr/bin/cmake --build /home/prajesh/my_ws/build/cpp_practice -- -j4 -l4
[0.099s] [35m[1mConsolidate compiler generated dependencies of target number_generator[0m
[0.117s] [ 50%] [32mBuilding CXX object CMakeFiles/number_generator.dir/src/number_generator.cpp.o[0m
[2.320s] [01m[K/home/prajesh/my_ws/src/cpp_practice/src/number_generator.cpp:[m[K In constructor â€˜[01m[KGenerator::Generator()[m[Kâ€™:
[2.320s] [01m[K/home/prajesh/my_ws/src/cpp_practice/src/number_generator.cpp:26:13:[m[K [01;31m[Kerror: [m[Kexpected â€˜[01m[K;[m[Kâ€™ before â€˜[01m[Ktimer_[m[Kâ€™
[2.321s]    26 |             [01;31m[Ktimer_[m[K = this->create_wall_timer(std::chrono::milliseconds(500),
[2.321s]       |             [01;31m[K^~~~~~[m[K
[3.035s] gmake[2]: *** [CMakeFiles/number_generator.dir/build.make:76: CMakeFiles/number_generator.dir/src/number_generator.cpp.o] Error 1
[3.035s] gmake[1]: *** [CMakeFiles/Makefile2:137: CMakeFiles/number_generator.dir/all] Error 2
[3.035s] gmake: *** [Makefile:146: all] Error 2
[3.037s] Invoked command in '/home/prajesh/my_ws/build/cpp_practice' returned '2': CMAKE_PREFIX_PATH=${CMAKE_PREFIX_PATH}:/home/prajesh/my_ws/install/my_py_pkg:/opt/ros/humble /usr/bin/cmake --build /home/prajesh/my_ws/build/cpp_practice -- -j4 -l4
