[35m[1mConsolidate compiler generated dependencies of target number_publisher[0m
[ 50%] [32mBuilding CXX object CMakeFiles/number_publisher.dir/src/number_pub.cpp.o[0m
[01m[K/home/prajesh/my_ws/src/cpp_test_pkg/src/number_pub.cpp:[m[K In member function â€˜[01m[Kvoid MyNode::pub_fun(std_msgs::msg::Int64)[m[Kâ€™:
[01m[K/home/prajesh/my_ws/src/cpp_test_pkg/src/number_pub.cpp:17:18:[m[K [01;31m[Kerror: [m[Kdeclaration of â€˜[01m[Kauto msg[m[Kâ€™ shadows a parameter
   17 |             auto [01;31m[Kmsg[m[K = std_msgs::msg::Int64()
      |                  [01;31m[K^~~[m[K
[01m[K/home/prajesh/my_ws/src/cpp_test_pkg/src/number_pub.cpp:14:43:[m[K [01;36m[Knote: [m[Kâ€˜[01m[Kstd_msgs::msg::Int64 msg[m[Kâ€™ previously declared here
   14 |         void pub_fun([01;36m[Kstd_msgs::msg::Int64 msg[m[K)
      |                      [01;36m[K~~~~~~~~~~~~~~~~~~~~~^~~[m[K
[01m[K/home/prajesh/my_ws/src/cpp_test_pkg/src/number_pub.cpp:18:13:[m[K [01;31m[Kerror: [m[Kexpected â€˜[01m[K,[m[Kâ€™ or â€˜[01m[K;[m[Kâ€™ before â€˜[01m[Kmsg[m[Kâ€™
   18 |             [01;31m[Kmsg[m[K.data = count;
      |             [01;31m[K^~~[m[K
[01m[K/home/prajesh/my_ws/src/cpp_test_pkg/src/number_pub.cpp:14:43:[m[K [01;35m[Kwarning: [m[Kunused parameter â€˜[01m[Kmsg[m[Kâ€™ [[01;35m[K]8;;https://gcc.gnu.org/onlinedocs/gcc/Warning-Options.html#index-Wunused-parameter-Wunused-parameter]8;;[m[K]
   14 |         void pub_fun([01;35m[Kstd_msgs::msg::Int64 msg[m[K)
      |                      [01;35m[K~~~~~~~~~~~~~~~~~~~~~^~~[m[K
gmake[2]: *** [CMakeFiles/number_publisher.dir/build.make:76: CMakeFiles/number_publisher.dir/src/number_pub.cpp.o] Error 1
gmake[1]: *** [CMakeFiles/Makefile2:137: CMakeFiles/number_publisher.dir/all] Error 2
gmake: *** [Makefile:146: all] Error 2
