[0.032s] Invoking command in '/home/prajesh/my_ws/build/cpp_test_pkg': CMAKE_PREFIX_PATH=${CMAKE_PREFIX_PATH}:/home/prajesh/my_ws/install/my_py_pkg:/opt/ros/humble /usr/bin/cmake --build /home/prajesh/my_ws/build/cpp_test_pkg -- -j4 -l4
[0.075s] [35m[1mConsolidate compiler generated dependencies of target number_publisher[0m
[0.101s] [ 50%] [32mBuilding CXX object CMakeFiles/number_publisher.dir/src/number_pub.cpp.o[0m
[2.168s] [01m[K/home/prajesh/my_ws/src/cpp_test_pkg/src/number_pub.cpp:[m[K In member function â€˜[01m[Kvoid MyNode::pub_fun(std_msgs::msg::Int64)[m[Kâ€™:
[2.168s] [01m[K/home/prajesh/my_ws/src/cpp_test_pkg/src/number_pub.cpp:17:18:[m[K [01;31m[Kerror: [m[Kdeclaration of â€˜[01m[Kauto msg[m[Kâ€™ shadows a parameter
[2.168s]    17 |             auto [01;31m[Kmsg[m[K = std_msgs::msg::Int64()
[2.169s]       |                  [01;31m[K^~~[m[K
[2.169s] [01m[K/home/prajesh/my_ws/src/cpp_test_pkg/src/number_pub.cpp:14:43:[m[K [01;36m[Knote: [m[Kâ€˜[01m[Kstd_msgs::msg::Int64 msg[m[Kâ€™ previously declared here
[2.169s]    14 |         void pub_fun([01;36m[Kstd_msgs::msg::Int64 msg[m[K)
[2.169s]       |                      [01;36m[K~~~~~~~~~~~~~~~~~~~~~^~~[m[K
[2.169s] [01m[K/home/prajesh/my_ws/src/cpp_test_pkg/src/number_pub.cpp:18:13:[m[K [01;31m[Kerror: [m[Kexpected â€˜[01m[K,[m[Kâ€™ or â€˜[01m[K;[m[Kâ€™ before â€˜[01m[Kmsg[m[Kâ€™
[2.169s]    18 |             [01;31m[Kmsg[m[K.data = count;
[2.169s]       |             [01;31m[K^~~[m[K
[2.169s] [01m[K/home/prajesh/my_ws/src/cpp_test_pkg/src/number_pub.cpp:14:43:[m[K [01;35m[Kwarning: [m[Kunused parameter â€˜[01m[Kmsg[m[Kâ€™ [[01;35m[K]8;;https://gcc.gnu.org/onlinedocs/gcc/Warning-Options.html#index-Wunused-parameter-Wunused-parameter]8;;[m[K]
[2.169s]    14 |         void pub_fun([01;35m[Kstd_msgs::msg::Int64 msg[m[K)
[2.169s]       |                      [01;35m[K~~~~~~~~~~~~~~~~~~~~~^~~[m[K
[2.843s] gmake[2]: *** [CMakeFiles/number_publisher.dir/build.make:76: CMakeFiles/number_publisher.dir/src/number_pub.cpp.o] Error 1
[2.844s] gmake[1]: *** [CMakeFiles/Makefile2:137: CMakeFiles/number_publisher.dir/all] Error 2
[2.844s] gmake: *** [Makefile:146: all] Error 2
[2.845s] Invoked command in '/home/prajesh/my_ws/build/cpp_test_pkg' returned '2': CMAKE_PREFIX_PATH=${CMAKE_PREFIX_PATH}:/home/prajesh/my_ws/install/my_py_pkg:/opt/ros/humble /usr/bin/cmake --build /home/prajesh/my_ws/build/cpp_test_pkg -- -j4 -l4
