-- Found ament_cmake: 1.3.4 (/opt/ros/humble/share/ament_cmake/cmake)
-- Found rclcpp: 16.0.4 (/opt/ros/humble/share/rclcpp/cmake)
-- Found rosidl_generator_c: 3.1.4 (/opt/ros/humble/share/rosidl_generator_c/cmake)
-- Found rosidl_adapter: 3.1.4 (/opt/ros/humble/share/rosidl_adapter/cmake)
-- Found rosidl_generator_cpp: 3.1.4 (/opt/ros/humble/share/rosidl_generator_cpp/cmake)
-- Using all available rosidl_typesupport_c: rosidl_typesupport_fastrtps_c;rosidl_typesupport_introspection_c
-- Using all available rosidl_typesupport_cpp: rosidl_typesupport_fastrtps_cpp;rosidl_typesupport_introspection_cpp
-- Found rmw_implementation_cmake: 6.1.1 (/opt/ros/humble/share/rmw_implementation_cmake/cmake)
-- Found rmw_cyclonedds_cpp: 1.3.4 (/opt/ros/humble/share/rmw_cyclonedds_cpp/cmake)
-- Using RMW implementation 'rmw_cyclonedds_cpp' as default
-- Configuring done
-- Generating done
-- Build files have been written to: /home/prajesh/my_ws/build/my_cpp_pkg
[35m[1mConsolidate compiler generated dependencies of target cpp_node1[0m
[ 25%] [32mBuilding CXX object CMakeFiles/robot_news_station.dir/src/robot_news_station.cpp.o[0m
[ 50%] [32mBuilding CXX object CMakeFiles/cpp_node1.dir/src/my_first_node.cpp.o[0m
[01m[K/home/prajesh/my_ws/src/my_cpp_pkg/src/robot_news_station.cpp:4:10:[m[K [01;31m[Kfatal error: [m[K/opt/ros/humble/include/std_msgs/std_msgs/msg/String.h: No such file or directory
    4 | #include [01;31m[K"/opt/ros/humble/include/std_msgs/std_msgs/msg/String.h"[m[K
      |          [01;31m[K^~~~~~~~~~~~~~~~~~~~~~~~~~~~~~~~~~~~~~~~~~~~~~~~~~~~~~~~[m[K
compilation terminated.
gmake[2]: *** [CMakeFiles/robot_news_station.dir/build.make:76: CMakeFiles/robot_news_station.dir/src/robot_news_station.cpp.o] Error 1
gmake[1]: *** [CMakeFiles/Makefile2:165: CMakeFiles/robot_news_station.dir/all] Error 2
gmake[1]: *** Waiting for unfinished jobs....
[ 75%] [32m[1mLinking CXX executable cpp_node1[0m
[ 75%] Built target cpp_node1
gmake: *** [Makefile:146: all] Error 2
