[0.066s] Invoking command in '/home/prajesh/my_ws/build/cpp_practice': CMAKE_PREFIX_PATH=${CMAKE_PREFIX_PATH}:/home/prajesh/my_ws/install/py_server_test:/home/prajesh/my_ws/install/my_py_pkg:/opt/ros/humble /usr/bin/cmake --build /home/prajesh/my_ws/build/cpp_practice -- -j4 -l4
[0.200s] [ 50%] Built target number_generator
[0.216s] [ 75%] [32mBuilding CXX object CMakeFiles/add_cpp.dir/src/add_cpp.cpp.o[0m
[4.275s] [01m[K/home/prajesh/my_ws/src/cpp_practice/src/add_cpp.cpp:8:12:[m[K [01;31m[Kerror: [m[Kâ€˜[01m[Kstd::placeholder[m[Kâ€™ has not been declared
[4.276s]     8 | using std::[01;31m[Kplaceholder[m[K::_p1;
[4.276s]       |            [01;31m[K^~~~~~~~~~~[m[K
[8.203s] gmake[2]: *** [CMakeFiles/add_cpp.dir/build.make:76: CMakeFiles/add_cpp.dir/src/add_cpp.cpp.o] Error 1
[8.206s] gmake[1]: *** [CMakeFiles/Makefile2:165: CMakeFiles/add_cpp.dir/all] Error 2
[8.206s] gmake: *** [Makefile:146: all] Error 2
[8.206s] Invoked command in '/home/prajesh/my_ws/build/cpp_practice' returned '2': CMAKE_PREFIX_PATH=${CMAKE_PREFIX_PATH}:/home/prajesh/my_ws/install/py_server_test:/home/prajesh/my_ws/install/my_py_pkg:/opt/ros/humble /usr/bin/cmake --build /home/prajesh/my_ws/build/cpp_practice -- -j4 -l4
