[01m[K/home/prajesh/my_ws/src/cpp_test_pkg/src/number_counter.cpp:2:10:[m[K [01;31m[Kfatal error: [m[K/opt/ros/humble/include/rclcpp/rclcpp/rclcpp/hpp: No such file or directory
    2 | #include [01;31m[K"/opt/ros/humble/include/rclcpp/rclcpp/rclcpp/hpp"[m[K
      |          [01;31m[K^~~~~~~~~~~~~~~~~~~~~~~~~~~~~~~~~~~~~~~~~~~~~~~~~~[m[K
compilation terminated.
gmake[2]: *** [CMakeFiles/number_counter.dir/build.make:76: CMakeFiles/number_counter.dir/src/number_counter.cpp.o] Error 1
gmake[1]: *** [CMakeFiles/Makefile2:165: CMakeFiles/number_counter.dir/all] Error 2
gmake[1]: *** Waiting for unfinished jobs....
gmake: *** [Makefile:146: all] Error 2
