[0.031s] Invoking command in '/home/prajesh/my_ws/build/cpp_test_pkg': CMAKE_PREFIX_PATH=${CMAKE_PREFIX_PATH}:/home/prajesh/my_ws/install/my_py_pkg:/opt/ros/humble /usr/bin/cmake --build /home/prajesh/my_ws/build/cpp_test_pkg -- -j4 -l4
[0.063s] -- Found ament_cmake: 1.3.4 (/opt/ros/humble/share/ament_cmake/cmake)
[0.369s] -- Found rclcpp: 16.0.4 (/opt/ros/humble/share/rclcpp/cmake)
[0.391s] -- Found rosidl_generator_c: 3.1.4 (/opt/ros/humble/share/rosidl_generator_c/cmake)
[0.393s] -- Found rosidl_adapter: 3.1.4 (/opt/ros/humble/share/rosidl_adapter/cmake)
[0.398s] -- Found rosidl_generator_cpp: 3.1.4 (/opt/ros/humble/share/rosidl_generator_cpp/cmake)
[0.407s] -- Using all available rosidl_typesupport_c: rosidl_typesupport_fastrtps_c;rosidl_typesupport_introspection_c
[0.421s] -- Using all available rosidl_typesupport_cpp: rosidl_typesupport_fastrtps_cpp;rosidl_typesupport_introspection_cpp
[0.479s] -- Found rmw_implementation_cmake: 6.1.1 (/opt/ros/humble/share/rmw_implementation_cmake/cmake)
[0.480s] -- Found rmw_cyclonedds_cpp: 1.3.4 (/opt/ros/humble/share/rmw_cyclonedds_cpp/cmake)
[0.509s] -- Using RMW implementation 'rmw_cyclonedds_cpp' as default
[0.817s] -- Configuring done
[0.828s] -- Generating done
[0.831s] -- Build files have been written to: /home/prajesh/my_ws/build/cpp_test_pkg
[0.852s] [35m[1mConsolidate compiler generated dependencies of target number_publisher[0m
[0.861s] [ 50%] [32mBuilding CXX object CMakeFiles/number_counter.dir/src/number_counter.cpp.o[0m
[0.868s] [ 50%] [32mBuilding CXX object CMakeFiles/number_publisher.dir/src/number_pub.cpp.o[0m
[0.925s] [01m[K/home/prajesh/my_ws/src/cpp_test_pkg/src/number_counter.cpp:2:10:[m[K [01;31m[Kfatal error: [m[K/opt/ros/humble/include/rclcpp/rclcpp/rclcpp/hpp: No such file or directory
[0.925s]     2 | #include [01;31m[K"/opt/ros/humble/include/rclcpp/rclcpp/rclcpp/hpp"[m[K
[0.925s]       |          [01;31m[K^~~~~~~~~~~~~~~~~~~~~~~~~~~~~~~~~~~~~~~~~~~~~~~~~~[m[K
[0.925s] compilation terminated.
[0.927s] gmake[2]: *** [CMakeFiles/number_counter.dir/build.make:76: CMakeFiles/number_counter.dir/src/number_counter.cpp.o] Error 1
[0.927s] gmake[1]: *** [CMakeFiles/Makefile2:165: CMakeFiles/number_counter.dir/all] Error 2
[0.927s] gmake[1]: *** Waiting for unfinished jobs....
[6.288s] [ 50%] [32m[1mLinking CXX executable number_publisher[0m
[6.433s] [ 50%] Built target number_publisher
[6.434s] gmake: *** [Makefile:146: all] Error 2
[6.436s] Invoked command in '/home/prajesh/my_ws/build/cpp_test_pkg' returned '2': CMAKE_PREFIX_PATH=${CMAKE_PREFIX_PATH}:/home/prajesh/my_ws/install/my_py_pkg:/opt/ros/humble /usr/bin/cmake --build /home/prajesh/my_ws/build/cpp_test_pkg -- -j4 -l4
