[0.055s] Invoking command in '/home/prajesh/my_ws/build/cpp_service_test': CMAKE_PREFIX_PATH=${CMAKE_PREFIX_PATH}:/home/prajesh/my_ws/install/py_server_test:/home/prajesh/my_ws/install/my_py_pkg:/opt/ros/humble /usr/bin/cmake --build /home/prajesh/my_ws/build/cpp_service_test -- -j4 -l4
[0.123s] [35m[1mConsolidate compiler generated dependencies of target add_int_server[0m
[0.140s] [35m[1mConsolidate compiler generated dependencies of target add_int_client[0m
[0.157s] [ 50%] Built target add_int_server
[0.185s] [ 75%] [32mBuilding CXX object CMakeFiles/add_int_client.dir/src/add_int_client.cpp.o[0m
[3.391s] [01m[K/home/prajesh/my_ws/src/cpp_service_test/src/add_int_client.cpp:[m[K In member function â€˜[01m[Kvoid AddIntsClient::call_service(int, int)[m[Kâ€™:
[3.391s] [01m[K/home/prajesh/my_ws/src/cpp_service_test/src/add_int_client.cpp:34:35:[m[K [01;31m[Kerror: [m[Kâ€˜[01m[Kusing element_type = class rclcpp::Client<example_interfaces::srv::AddTwoInts>[m[Kâ€™ {aka â€˜[01m[Kclass rclcpp::Client<example_interfaces::srv::AddTwoInts>[m[Kâ€™} has no member named â€˜[01m[Kasync_sed_request[m[Kâ€™; did you mean â€˜[01m[Kasync_send_request[m[Kâ€™?
[3.391s]    34 |             auto future = client->[01;31m[Kasync_sed_request[m[K(req);
[3.391s]       |                                   [01;31m[K^~~~~~~~~~~~~~~~~[m[K
[3.391s]       |                                   [32m[Kasync_send_request[m[K
[4.116s] gmake[2]: *** [CMakeFiles/add_int_client.dir/build.make:76: CMakeFiles/add_int_client.dir/src/add_int_client.cpp.o] Error 1
[4.116s] gmake[1]: *** [CMakeFiles/Makefile2:165: CMakeFiles/add_int_client.dir/all] Error 2
[4.116s] gmake: *** [Makefile:146: all] Error 2
[4.119s] Invoked command in '/home/prajesh/my_ws/build/cpp_service_test' returned '2': CMAKE_PREFIX_PATH=${CMAKE_PREFIX_PATH}:/home/prajesh/my_ws/install/py_server_test:/home/prajesh/my_ws/install/my_py_pkg:/opt/ros/humble /usr/bin/cmake --build /home/prajesh/my_ws/build/cpp_service_test -- -j4 -l4
