[0.041s] Invoking command in '/home/prajesh/my_ws/build/cpp_practice': CMAKE_PREFIX_PATH=${CMAKE_PREFIX_PATH}:/home/prajesh/my_ws/install/my_py_pkg:/opt/ros/humble /usr/bin/cmake --build /home/prajesh/my_ws/build/cpp_practice -- -j4 -l4
[0.069s] -- Found ament_cmake: 1.3.4 (/opt/ros/humble/share/ament_cmake/cmake)
[0.201s] -- Found rclcpp: 16.0.4 (/opt/ros/humble/share/rclcpp/cmake)
[0.226s] -- Found rosidl_generator_c: 3.1.4 (/opt/ros/humble/share/rosidl_generator_c/cmake)
[0.229s] -- Found rosidl_adapter: 3.1.4 (/opt/ros/humble/share/rosidl_adapter/cmake)
[0.234s] -- Found rosidl_generator_cpp: 3.1.4 (/opt/ros/humble/share/rosidl_generator_cpp/cmake)
[0.246s] -- Using all available rosidl_typesupport_c: rosidl_typesupport_fastrtps_c;rosidl_typesupport_introspection_c
[0.260s] -- Using all available rosidl_typesupport_cpp: rosidl_typesupport_fastrtps_cpp;rosidl_typesupport_introspection_cpp
[0.316s] -- Found rmw_implementation_cmake: 6.1.1 (/opt/ros/humble/share/rmw_implementation_cmake/cmake)
[0.319s] -- Found rmw_cyclonedds_cpp: 1.3.4 (/opt/ros/humble/share/rmw_cyclonedds_cpp/cmake)
[0.349s] -- Using RMW implementation 'rmw_cyclonedds_cpp' as default
[0.576s] -- Configuring done
[0.588s] -- Generating done
[0.590s] -- Build files have been written to: /home/prajesh/my_ws/build/cpp_practice
[0.612s] [35m[1mConsolidate compiler generated dependencies of target number_generator[0m
[0.622s] [ 25%] [32mBuilding CXX object CMakeFiles/add_cpp.dir/src/add_cpp.cpp.o[0m
[0.627s] [ 75%] Built target number_generator
[2.624s] [01m[K/home/prajesh/my_ws/src/cpp_practice/src/add_cpp.cpp:9:28:[m[K [01;31m[Kerror: [m[Kâ€˜[01m[KShardPtr[m[Kâ€™ in â€˜[01m[Kclass rclcpp::TimerBase[m[Kâ€™ does not name a type
[2.624s]     9 |         rclcpp::TimerBase::[01;31m[KShardPtr[m[K timer_;
[2.624s]       |                            [01;31m[K^~~~~~~~[m[K
[5.052s] gmake[2]: *** [CMakeFiles/add_cpp.dir/build.make:76: CMakeFiles/add_cpp.dir/src/add_cpp.cpp.o] Error 1
[5.052s] gmake[1]: *** [CMakeFiles/Makefile2:165: CMakeFiles/add_cpp.dir/all] Error 2
[5.052s] gmake: *** [Makefile:146: all] Error 2
[5.054s] Invoked command in '/home/prajesh/my_ws/build/cpp_practice' returned '2': CMAKE_PREFIX_PATH=${CMAKE_PREFIX_PATH}:/home/prajesh/my_ws/install/my_py_pkg:/opt/ros/humble /usr/bin/cmake --build /home/prajesh/my_ws/build/cpp_practice -- -j4 -l4
