[0.036s] Invoking command in '/home/prajesh/my_ws/build/cpp_test_pkg': CMAKE_PREFIX_PATH=${CMAKE_PREFIX_PATH}:/home/prajesh/my_ws/install/my_py_pkg:/opt/ros/humble /usr/bin/cmake --build /home/prajesh/my_ws/build/cpp_test_pkg -- -j4 -l4
[0.085s] [35m[1mConsolidate compiler generated dependencies of target n_publisher[0m
[0.113s] [ 50%] [32mBuilding CXX object CMakeFiles/n_publisher.dir/src/n_publisher.cpp.o[0m
[2.218s] [01m[K/home/prajesh/my_ws/src/cpp_test_pkg/src/n_publisher.cpp:[m[K In constructor â€˜[01m[KMyNode::MyNode()[m[Kâ€™:
[2.218s] [01m[K/home/prajesh/my_ws/src/cpp_test_pkg/src/n_publisher.cpp:23:13:[m[K [01;31m[Kerror: [m[Kexpected â€˜[01m[K;[m[Kâ€™ before â€˜[01m[Kpub[m[Kâ€™
[2.218s]    23 |             [01;31m[Kpub[m[K = this->create_publisher<std_msgs::msg::Int64>("number", 10)
[2.218s]       |             [01;31m[K^~~[m[K
[2.220s] [01m[K/home/prajesh/my_ws/src/cpp_test_pkg/src/n_publisher.cpp:24:13:[m[K [01;31m[Kerror: [m[Kexpected â€˜[01m[K;[m[Kâ€™ before â€˜[01m[Ktimer_[m[Kâ€™
[2.220s]    24 |             [01;31m[Ktimer_[m[K = this->create_wall_timer(std::chrono::milliseconds(500),std::bind(&MyNode::pub_fun, this))
[2.220s]       |             [01;31m[K^~~~~~[m[K
[2.915s] gmake[2]: *** [CMakeFiles/n_publisher.dir/build.make:76: CMakeFiles/n_publisher.dir/src/n_publisher.cpp.o] Error 1
[2.915s] gmake[1]: *** [CMakeFiles/Makefile2:137: CMakeFiles/n_publisher.dir/all] Error 2
[2.916s] gmake: *** [Makefile:146: all] Error 2
[2.917s] Invoked command in '/home/prajesh/my_ws/build/cpp_test_pkg' returned '2': CMAKE_PREFIX_PATH=${CMAKE_PREFIX_PATH}:/home/prajesh/my_ws/install/my_py_pkg:/opt/ros/humble /usr/bin/cmake --build /home/prajesh/my_ws/build/cpp_test_pkg -- -j4 -l4
